#
# A fatal error has been detected by the Java Runtime Environment:
#
#  EXCEPTION_ACCESS_VIOLATION (0xc0000005) at pc=0x00007ff8574557e0, pid=36756, tid=36984
#
# JRE version: Java(TM) SE Runtime Environment (17.0.12+8) (build 17.0.12+8-LTS-286)
# Java VM: Java HotSpot(TM) 64-Bit Server VM (17.0.12+8-LTS-286, mixed mode, emulated-client, sharing, tiered, compressed oops, compressed class ptrs, g1 gc, windows-amd64)
# Problematic frame:
# C  [net.dll+0x57e0]
#
# No core dump will be written. Minidumps are not enabled by default on client versions of Windows
#
# If you would like to submit a bug report, please visit:
#   https://bugreport.java.com/bugreport/crash.jsp
# The crash happened outside the Java Virtual Machine in native code.
# See problematic frame for where to report the bug.
#

---------------  S U M M A R Y ------------

Command Line: -XX:TieredStopAtLevel=1 -Dspring.output.ansi.enabled=always -Dcom.sun.management.jmxremote -Dspring.jmx.enabled=true -Dspring.liveBeansView.mbeanDomain -Dspring.application.admin.enabled=true -Dmanagement.endpoints.jmx.exposure.include=* -javaagent:D:\IntelliJ IDEA 2024.2.3\lib\idea_rt.jar=56264 -Dfile.encoding=UTF-8 com.msquare.java_app.JavaAppApplication

Host: AMD Ryzen 5 5600H with Radeon Graphics         , 12 cores, 15G,  Windows 11 , 64 bit Build 26100 (10.0.26100.7623)
Time: Mon Jan 26 17:39:47 2026 India Standard Time elapsed time: 7.730349 seconds (0d 0h 0m 7s)

---------------  T H R E A D  ---------------

Current thread (0x0000026fdbe4a3f0):  JavaThread "main" [_thread_in_native, id=36984, stack(0x000000e9ef100000,0x000000e9ef200000)]

Stack: [0x000000e9ef100000,0x000000e9ef200000],  sp=0x000000e9ef1fce00,  free space=1011k
Native frames: (J=compiled Java code, j=interpreted, Vv=VM code, C=native code)
C  [net.dll+0x57e0]

Java frames: (J=compiled Java code, j=interpreted, Vv=VM code)
j  java.net.NetworkInterface.getAll()[Ljava/net/NetworkInterface;+0 java.base@17.0.12
j  java.net.NetworkInterface.getNetworkInterfaces()Ljava/util/Enumeration;+0 java.base@17.0.12
j  sun.security.provider.SeedGenerator.addNetworkAdapterInfo(Ljava/security/MessageDigest;)V+0 java.base@17.0.12
j  sun.security.provider.SeedGenerator$1.run()Ljava/lang/Void;+66 java.base@17.0.12
j  sun.security.provider.SeedGenerator$1.run()Ljava/lang/Object;+1 java.base@17.0.12
j  java.security.AccessController.executePrivileged(Ljava/security/PrivilegedAction;Ljava/security/AccessControlContext;Ljava/lang/Class;)Ljava/lang/Object;+29 java.base@17.0.12
j  java.security.AccessController.doPrivileged(Ljava/security/PrivilegedAction;)Ljava/lang/Object;+5 java.base@17.0.12
j  sun.security.provider.SeedGenerator.getSystemEntropy()[B+40 java.base@17.0.12
j  sun.security.provider.AbstractDrbg$SeederHolder.<clinit>()V+28 java.base@17.0.12
v  ~StubRoutines::call_stub
j  sun.security.provider.AbstractDrbg.getEntropyInput(IIIZ)[B+87 java.base@17.0.12
j  sun.security.provider.AbstractDrbg.getEntropyInput(Z)[B+14 java.base@17.0.12
j  sun.security.provider.AbstractDrbg.instantiateIfNecessary([B)V+16 java.base@17.0.12
j  sun.security.provider.AbstractDrbg.engineNextBytes([BLjava/security/SecureRandomParameters;)V+162 java.base@17.0.12
j  sun.security.provider.AbstractDrbg.engineNextBytes([B)V+11 java.base@17.0.12
j  sun.security.provider.DRBG.engineNextBytes([B)V+5 java.base@17.0.12
j  java.security.SecureRandom.nextBytes([B)V+12 java.base@17.0.12
j  java.security.SecureRandom.next(I)I+17 java.base@17.0.12
j  java.util.Random.nextInt()I+3 java.base@17.0.12
j  java.rmi.server.UID.<init>()V+23 java.rmi@17.0.12
j  java.rmi.server.ObjID.<clinit>()V+14 java.rmi@17.0.12
v  ~StubRoutines::call_stub
j  sun.rmi.transport.LiveRef.<init>(ILjava/rmi/server/RMIClientSocketFactory;Ljava/rmi/server/RMIServerSocketFactory;)V+1 java.rmi@17.0.12
j  sun.rmi.server.UnicastServerRef2.<init>(ILjava/rmi/server/RMIClientSocketFactory;Ljava/rmi/server/RMIServerSocketFactory;Ljava/io/ObjectInputFilter;)V+8 java.rmi@17.0.12
j  sun.management.jmxremote.ConnectorBootstrap$PermanentExporter.exportObject(Ljava/rmi/Remote;ILjava/rmi/server/RMIClientSocketFactory;Ljava/rmi/server/RMIServerSocketFactory;Ljava/io/ObjectInputFilter;)Ljava/rmi/Remote;+72 jdk.management.agent@17.0.12
j  javax.management.remote.rmi.RMIJRMPServerImpl.export(Ljava/rmi/Remote;Ljava/io/ObjectInputFilter;)V+62 java.management.rmi@17.0.12
j  javax.management.remote.rmi.RMIJRMPServerImpl.export()V+6 java.management.rmi@17.0.12
j  javax.management.remote.rmi.RMIConnectorServer.start()V+257 java.management.rmi@17.0.12
j  sun.management.jmxremote.ConnectorBootstrap.startLocalConnectorServer()Ljavax/management/remote/JMXConnectorServer;+290 jdk.management.agent@17.0.12
j  jdk.internal.agent.Agent.startLocalManagementAgent()V+13 jdk.management.agent@17.0.12
j  jdk.internal.agent.Agent.startAgent(Ljava/util/Properties;)V+58 jdk.management.agent@17.0.12
j  jdk.internal.agent.Agent.startAgent()V+20 jdk.management.agent@17.0.12
v  ~StubRoutines::call_stub

siginfo: EXCEPTION_ACCESS_VIOLATION (0xc0000005), reading address 0x00007ff816d9000d


Registers:
RAX=0x0000000000000001, RBX=0x0000026ff737db60, RCX=0x0000000000000000, RDX=0x0000000000000000
RSP=0x000000e9ef1fce00, RBP=0x000000000010bed9, RSI=0x0000026ff737db60, RDI=0x00007ff81653093d
R8 =0x0000000000000001, R9 =0x0000000000000044, R10=0x0000000000000000, R11=0x000000e9ef1fcda0
R12=0x000000e9ef1fce80, R13=0x0000026ff2aee810, R14=0x00000000000594f3, R15=0x000000000000009f
RIP=0x00007ff8574557e0, EFLAGS=0x0000000000010207


Register to memory mapping:

RIP=0x00007ff8574557e0 net.dll
RAX=0x0000000000000001 is an unknown value
RBX=0x0000026ff737db60 points into unknown readable memory: 0xb800ac9000000002 | 02 00 00 00 90 ac 00 b8
RCX=0x0 is NULL
RDX=0x0 is NULL
RSP=0x000000e9ef1fce00 is pointing into the stack for thread: 0x0000026fdbe4a3f0
RBP=0x000000000010bed9 is an unknown value
RSI=0x0000026ff737db60 points into unknown readable memory: 0xb800ac9000000002 | 02 00 00 00 90 ac 00 b8
RDI=0x00007ff81653093d jvm.dll
R8 =0x0000000000000001 is an unknown value
R9 =0x0000000000000044 is an unknown value
R10=0x0 is NULL
R11=0x000000e9ef1fcda0 is pointing into the stack for thread: 0x0000026fdbe4a3f0
R12=0x000000e9ef1fce80 is pointing into the stack for thread: 0x0000026fdbe4a3f0
R13=0x0000026ff2aee810 points into unknown readable memory: 0x0000026ff2b0c3b0 | b0 c3 b0 f2 6f 02 00 00
R14=0x00000000000594f3 is an unknown value
R15=0x000000000000009f is an unknown value


Top of Stack: (sp=0x000000e9ef1fce00)
0x000000e9ef1fce00:   0000026ff737dc50 0000000000000045
0x000000e9ef1fce10:   0000026fdbe4a6a0 00007ff85745609b
0x000000e9ef1fce20:   000000e9ef1fcfb0 000000e9ef1fd068
0x000000e9ef1fce30:   0000000000000000 0000000000000045
0x000000e9ef1fce40:   0000026ff2aee810 00007ff857456e80
0x000000e9ef1fce50:   0000026fdbe4a6a0 0000026fdbe4a6a0
0x000000e9ef1fce60:   000000e9ef1fcef9 0000026ff2aee810
0x000000e9ef1fce70:   0000026f00000000 0000000000000000
0x000000e9ef1fce80:   000000e9ef1fcf90 00007ff81653093d
0x000000e9ef1fce90:   0000026ff7374760 0000000000000001
0x000000e9ef1fcea0:   0000026f809b32c0 0000000000000000
0x000000e9ef1fceb0:   000000000000000d 0000000000000007
0x000000e9ef1fcec0:   000000e9ef1fcf80 00007ff8167d10a4
0x000000e9ef1fced0:   0000026ff3356c30 0000026ff276edd0
0x000000e9ef1fcee0:   0000026ff288b860 0000026ff288b878
0x000000e9ef1fcef0:   0000026fdbe4a3f0 0000000000000001 

Instructions: (pc=0x00007ff8574557e0)
0x00007ff8574556e0:   ff ff 48 8b cb 48 8b 5b 40 ff 15 c1 9b 00 00 48
0x00007ff8574556f0:   8b cb 48 85 db 75 ee e9 bf fb ff ff 48 8b cb 48
0x00007ff857455700:   8b 5b 40 ff 15 a7 9b 00 00 48 8b cb 48 85 db 75
0x00007ff857455710:   ee e9 a5 fb ff ff 48 8b cb 48 8b 5b 40 ff 15 8d
0x00007ff857455720:   9b 00 00 48 8b cb 48 85 db 75 ee e9 8b fb ff ff
0x00007ff857455730:   48 89 5c 24 08 48 89 74 24 10 57 48 83 ec 20 48
0x00007ff857455740:   8b f2 49 8b f8 48 8d 54 24 48 48 8b d9 e8 92 08
0x00007ff857455750:   00 00 85 c0 79 04 33 c0 eb 22 4c 8b 4c 24 48 4c
0x00007ff857455760:   8b c7 48 8b d6 48 8b cb e8 1f 00 00 00 48 8b 4c
0x00007ff857455770:   24 48 8b d8 ff 15 36 9b 00 00 8b c3 48 8b 5c 24
0x00007ff857455780:   30 48 8b 74 24 38 48 83 c4 20 5f c3 48 8b c4 48
0x00007ff857455790:   89 58 10 48 89 68 18 48 89 70 20 48 89 48 08 57
0x00007ff8574557a0:   41 54 41 55 41 56 41 57 48 83 ec 20 4c 8b ea 49
0x00007ff8574557b0:   8b f9 33 d2 4d 8b e0 4d 85 c9 75 07 33 c0 e9 fc
0x00007ff8574557c0:   00 00 00 44 8b fa 48 8b da 44 8b f2 41 39 11 0f
0x00007ff8574557d0:   86 e3 00 00 00 41 8b c6 48 8d 2c 40 41 8b 45 10
0x00007ff8574557e0:   39 44 ef 08 0f 85 bd 00 00 00 39 54 ef 04 0f 84
0x00007ff8574557f0:   b3 00 00 00 b9 48 00 00 00 ff 15 b9 9a 00 00 33
0x00007ff857455800:   d2 48 8b f0 48 85 c0 0f 84 cf 00 00 00 44 8d 42
0x00007ff857455810:   02 66 44 89 00 8b 44 ef 04 89 46 04 41 8b 4d 14
0x00007ff857455820:   83 e9 06 74 23 83 e9 03 74 1e 83 e9 06 74 19 83
0x00007ff857455830:   e9 08 74 0f 83 e9 01 74 0f 83 e9 04 74 05 83 f9
0x00007ff857455840:   2b 74 05 83 c8 ff eb 4a 66 44 89 46 1c ba 01 00
0x00007ff857455850:   00 00 8b 4c ef 04 8b 44 ef 0c 23 c8 39 54 ef 10
0x00007ff857455860:   75 06 f7 d0 0b c1 eb 02 8b c1 89 46 20 8b 4c ef
0x00007ff857455870:   0c ff 15 89 99 00 00 33 d2 8b c8 66 89 56 38 85
0x00007ff857455880:   c0 74 13 0f b7 c2 44 8d 42 01 66 41 03 c0 03 c9
0x00007ff857455890:   75 f8 66 89 46 38 b8 01 00 00 00 48 89 5e 40 44
0x00007ff8574558a0:   03 f8 48 8b de eb 05 b8 01 00 00 00 44 03 f0 44
0x00007ff8574558b0:   3b 37 0f 82 1d ff ff ff 49 89 1c 24 41 8b c7 48
0x00007ff8574558c0:   8b 5c 24 58 48 8b 6c 24 60 48 8b 74 24 68 48 83
0x00007ff8574558d0:   c4 20 41 5f 41 5e 41 5d 41 5c 5f c3 48 8b 4c 24 


Stack slot to memory mapping:
stack at sp + 0 slots: 0x0000026ff737dc50 points into unknown readable memory: 0x8c008f7000000002 | 02 00 00 00 70 8f 00 8c
stack at sp + 1 slots: 0x0000000000000045 is an unknown value
stack at sp + 2 slots: 0x0000026fdbe4a6a0 points into unknown readable memory: 0x00007ff816c53670 | 70 36 c5 16 f8 7f 00 00
stack at sp + 3 slots: 0x00007ff85745609b net.dll
stack at sp + 4 slots: 0x000000e9ef1fcfb0 is pointing into the stack for thread: 0x0000026fdbe4a3f0
stack at sp + 5 slots: 0x000000e9ef1fd068 is pointing into the stack for thread: 0x0000026fdbe4a3f0
stack at sp + 6 slots: 0x0 is NULL
stack at sp + 7 slots: 0x0000000000000045 is an unknown value


---------------  P R O C E S S  ---------------

Threads class SMR info:
_java_thread_list=0x0000026ff72d14a0, length=15, elements={
0x0000026fdbe4a3f0, 0x0000026ff28a7fe0, 0x0000026ff28a9510, 0x0000026ff29cc140,
0x0000026ff29ccb00, 0x0000026ff29d2050, 0x0000026ff29daa20, 0x0000026ff29dd0b0,
0x0000026ff29dd6c0, 0x0000026ff2a4e270, 0x0000026ff71d3f00, 0x0000026ff71d83f0,
0x0000026ff7360600, 0x0000026ff7362af0, 0x0000026ff7363010
}

Java Threads: ( => current thread )
=>0x0000026fdbe4a3f0 JavaThread "main" [_thread_in_native, id=36984, stack(0x000000e9ef100000,0x000000e9ef200000)]
  0x0000026ff28a7fe0 JavaThread "Reference Handler" daemon [_thread_blocked, id=39288, stack(0x000000e9ef800000,0x000000e9ef900000)]
  0x0000026ff28a9510 JavaThread "Finalizer" daemon [_thread_blocked, id=35524, stack(0x000000e9ef900000,0x000000e9efa00000)]
  0x0000026ff29cc140 JavaThread "Signal Dispatcher" daemon [_thread_blocked, id=19932, stack(0x000000e9efa00000,0x000000e9efb00000)]
  0x0000026ff29ccb00 JavaThread "Attach Listener" daemon [_thread_blocked, id=16036, stack(0x000000e9efb00000,0x000000e9efc00000)]
  0x0000026ff29d2050 JavaThread "Service Thread" daemon [_thread_blocked, id=17620, stack(0x000000e9efc00000,0x000000e9efd00000)]
  0x0000026ff29daa20 JavaThread "Monitor Deflation Thread" daemon [_thread_blocked, id=34484, stack(0x000000e9efd00000,0x000000e9efe00000)]
  0x0000026ff29dd0b0 JavaThread "C1 CompilerThread0" daemon [_thread_blocked, id=32932, stack(0x000000e9efe00000,0x000000e9eff00000)]
  0x0000026ff29dd6c0 JavaThread "Sweeper thread" daemon [_thread_blocked, id=23180, stack(0x000000e9eff00000,0x000000e9f0000000)]
  0x0000026ff2a4e270 JavaThread "Common-Cleaner" daemon [_thread_blocked, id=20376, stack(0x000000e9f0000000,0x000000e9f0100000)]
  0x0000026ff71d3f00 JavaThread "Monitor Ctrl-Break" daemon [_thread_in_native, id=25104, stack(0x000000e9f0200000,0x000000e9f0300000)]
  0x0000026ff71d83f0 JavaThread "Notification Thread" daemon [_thread_blocked, id=29828, stack(0x000000e9f0300000,0x000000e9f0400000)]
  0x0000026ff7360600 JavaThread "SeedGenerator Thread" daemon [_thread_in_Java, id=12128, stack(0x000000e9f0100000,0x000000e9f0200000)]
  0x0000026ff7362af0 JavaThread "C1 CompilerThread1" daemon [_thread_blocked, id=21868, stack(0x000000e9f0400000,0x000000e9f0500000)]
  0x0000026ff7363010 JavaThread "SeedGenerator Thread" daemon [_thread_blocked, id=39476, stack(0x000000e9f0500000,0x000000e9f0600000)]

Other Threads:
  0x0000026ff28a1ab0 VMThread "VM Thread" [stack: 0x000000e9ef700000,0x000000e9ef800000] [id=28772]
  0x0000026fdbeb1a80 GCTaskThread "GC Thread#0" [stack: 0x000000e9ef200000,0x000000e9ef300000] [id=33680]
  0x0000026fdbec2a40 ConcurrentGCThread "G1 Main Marker" [stack: 0x000000e9ef300000,0x000000e9ef400000] [id=36292]
  0x0000026fdbec3af0 ConcurrentGCThread "G1 Conc#0" [stack: 0x000000e9ef400000,0x000000e9ef500000] [id=38124]
  0x0000026ff2758790 ConcurrentGCThread "G1 Refine#0" [stack: 0x000000e9ef500000,0x000000e9ef600000] [id=38188]
  0x0000026ff27590c0 ConcurrentGCThread "G1 Service" [stack: 0x000000e9ef600000,0x000000e9ef700000] [id=17200]

Threads with active compile tasks:

VM state: not at safepoint (normal execution)

VM Mutex/Monitor currently owned by a thread: None

Heap address: 0x000000070a600000, size: 3930 MB, Compressed Oops mode: Zero based, Oop shift amount: 3

CDS archive(s) mapped at: [0x0000026f80000000-0x0000026f80bd0000-0x0000026f80bd0000), size 12386304, SharedBaseAddress: 0x0000026f80000000, ArchiveRelocationMode: 1.
Compressed class space mapped at: 0x0000026f81000000-0x0000026fc1000000, reserved size: 1073741824
Narrow klass base: 0x0000026f80000000, Narrow klass shift: 0, Narrow klass range: 0x100000000

GC Precious Log:
 CPUs: 12 total, 12 available
 Memory: 15713M
 Large Page Support: Disabled
 NUMA Support: Disabled
 Compressed Oops: Enabled (Zero based)
 Heap Region Size: 2M
 Heap Min Capacity: 8M
 Heap Initial Capacity: 246M
 Heap Max Capacity: 3930M
 Pre-touch: Disabled
 Parallel Workers: 10
 Concurrent Workers: 3
 Concurrent Refinement Workers: 10
 Periodic GC: Disabled

Heap:
 garbage-first heap   total 251904K, used 12288K [0x000000070a600000, 0x0000000800000000)
  region size 2048K, 8 young (16384K), 0 survivors (0K)
 Metaspace       used 3954K, committed 4096K, reserved 1114112K
  class space    used 472K, committed 512K, reserved 1048576K

Heap Regions: E=young(eden), S=young(survivor), O=old, HS=humongous(starts), HC=humongous(continues), CS=collection set, F=free, OA=open archive, CA=closed archive, TAMS=top-at-mark-start (previous, next)
|   0|0x000000070a600000, 0x000000070a600000, 0x000000070a800000|  0%| F|  |TAMS 0x000000070a600000, 0x000000070a600000| Untracked 
|   1|0x000000070a800000, 0x000000070a800000, 0x000000070aa00000|  0%| F|  |TAMS 0x000000070a800000, 0x000000070a800000| Untracked 
|   2|0x000000070aa00000, 0x000000070aa00000, 0x000000070ac00000|  0%| F|  |TAMS 0x000000070aa00000, 0x000000070aa00000| Untracked 
|   3|0x000000070ac00000, 0x000000070ac00000, 0x000000070ae00000|  0%| F|  |TAMS 0x000000070ac00000, 0x000000070ac00000| Untracked 
|   4|0x000000070ae00000, 0x000000070ae00000, 0x000000070b000000|  0%| F|  |TAMS 0x000000070ae00000, 0x000000070ae00000| Untracked 
|   5|0x000000070b000000, 0x000000070b000000, 0x000000070b200000|  0%| F|  |TAMS 0x000000070b000000, 0x000000070b000000| Untracked 
|   6|0x000000070b200000, 0x000000070b200000, 0x000000070b400000|  0%| F|  |TAMS 0x000000070b200000, 0x000000070b200000| Untracked 
|   7|0x000000070b400000, 0x000000070b400000, 0x000000070b600000|  0%| F|  |TAMS 0x000000070b400000, 0x000000070b400000| Untracked 
|   8|0x000000070b600000, 0x000000070b600000, 0x000000070b800000|  0%| F|  |TAMS 0x000000070b600000, 0x000000070b600000| Untracked 
|   9|0x000000070b800000, 0x000000070b800000, 0x000000070ba00000|  0%| F|  |TAMS 0x000000070b800000, 0x000000070b800000| Untracked 
|  10|0x000000070ba00000, 0x000000070ba00000, 0x000000070bc00000|  0%| F|  |TAMS 0x000000070ba00000, 0x000000070ba00000| Untracked 
|  11|0x000000070bc00000, 0x000000070bc00000, 0x000000070be00000|  0%| F|  |TAMS 0x000000070bc00000, 0x000000070bc00000| Untracked 
|  12|0x000000070be00000, 0x000000070be00000, 0x000000070c000000|  0%| F|  |TAMS 0x000000070be00000, 0x000000070be00000| Untracked 
|  13|0x000000070c000000, 0x000000070c000000, 0x000000070c200000|  0%| F|  |TAMS 0x000000070c000000, 0x000000070c000000| Untracked 
|  14|0x000000070c200000, 0x000000070c200000, 0x000000070c400000|  0%| F|  |TAMS 0x000000070c200000, 0x000000070c200000| Untracked 
|  15|0x000000070c400000, 0x000000070c400000, 0x000000070c600000|  0%| F|  |TAMS 0x000000070c400000, 0x000000070c400000| Untracked 
|  16|0x000000070c600000, 0x000000070c600000, 0x000000070c800000|  0%| F|  |TAMS 0x000000070c600000, 0x000000070c600000| Untracked 
|  17|0x000000070c800000, 0x000000070c800000, 0x000000070ca00000|  0%| F|  |TAMS 0x000000070c800000, 0x000000070c800000| Untracked 
|  18|0x000000070ca00000, 0x000000070ca00000, 0x000000070cc00000|  0%| F|  |TAMS 0x000000070ca00000, 0x000000070ca00000| Untracked 
|  19|0x000000070cc00000, 0x000000070cc00000, 0x000000070ce00000|  0%| F|  |TAMS 0x000000070cc00000, 0x000000070cc00000| Untracked 
|  20|0x000000070ce00000, 0x000000070ce00000, 0x000000070d000000|  0%| F|  |TAMS 0x000000070ce00000, 0x000000070ce00000| Untracked 
|  21|0x000000070d000000, 0x000000070d000000, 0x000000070d200000|  0%| F|  |TAMS 0x000000070d000000, 0x000000070d000000| Untracked 
|  22|0x000000070d200000, 0x000000070d200000, 0x000000070d400000|  0%| F|  |TAMS 0x000000070d200000, 0x000000070d200000| Untracked 
|  23|0x000000070d400000, 0x000000070d400000, 0x000000070d600000|  0%| F|  |TAMS 0x000000070d400000, 0x000000070d400000| Untracked 
|  24|0x000000070d600000, 0x000000070d600000, 0x000000070d800000|  0%| F|  |TAMS 0x000000070d600000, 0x000000070d600000| Untracked 
|  25|0x000000070d800000, 0x000000070d800000, 0x000000070da00000|  0%| F|  |TAMS 0x000000070d800000, 0x000000070d800000| Untracked 
|  26|0x000000070da00000, 0x000000070da00000, 0x000000070dc00000|  0%| F|  |TAMS 0x000000070da00000, 0x000000070da00000| Untracked 
|  27|0x000000070dc00000, 0x000000070dc00000, 0x000000070de00000|  0%| F|  |TAMS 0x000000070dc00000, 0x000000070dc00000| Untracked 
|  28|0x000000070de00000, 0x000000070de00000, 0x000000070e000000|  0%| F|  |TAMS 0x000000070de00000, 0x000000070de00000| Untracked 
|  29|0x000000070e000000, 0x000000070e000000, 0x000000070e200000|  0%| F|  |TAMS 0x000000070e000000, 0x000000070e000000| Untracked 
|  30|0x000000070e200000, 0x000000070e200000, 0x000000070e400000|  0%| F|  |TAMS 0x000000070e200000, 0x000000070e200000| Untracked 
|  31|0x000000070e400000, 0x000000070e400000, 0x000000070e600000|  0%| F|  |TAMS 0x000000070e400000, 0x000000070e400000| Untracked 
|  32|0x000000070e600000, 0x000000070e600000, 0x000000070e800000|  0%| F|  |TAMS 0x000000070e600000, 0x000000070e600000| Untracked 
|  33|0x000000070e800000, 0x000000070e800000, 0x000000070ea00000|  0%| F|  |TAMS 0x000000070e800000, 0x000000070e800000| Untracked 
|  34|0x000000070ea00000, 0x000000070ea00000, 0x000000070ec00000|  0%| F|  |TAMS 0x000000070ea00000, 0x000000070ea00000| Untracked 
|  35|0x000000070ec00000, 0x000000070ec00000, 0x000000070ee00000|  0%| F|  |TAMS 0x000000070ec00000, 0x000000070ec00000| Untracked 
|  36|0x000000070ee00000, 0x000000070ee00000, 0x000000070f000000|  0%| F|  |TAMS 0x000000070ee00000, 0x000000070ee00000| Untracked 
|  37|0x000000070f000000, 0x000000070f000000, 0x000000070f200000|  0%| F|  |TAMS 0x000000070f000000, 0x000000070f000000| Untracked 
|  38|0x000000070f200000, 0x000000070f200000, 0x000000070f400000|  0%| F|  |TAMS 0x000000070f200000, 0x000000070f200000| Untracked 
|  39|0x000000070f400000, 0x000000070f400000, 0x000000070f600000|  0%| F|  |TAMS 0x000000070f400000, 0x000000070f400000| Untracked 
|  40|0x000000070f600000, 0x000000070f600000, 0x000000070f800000|  0%| F|  |TAMS 0x000000070f600000, 0x000000070f600000| Untracked 
|  41|0x000000070f800000, 0x000000070f800000, 0x000000070fa00000|  0%| F|  |TAMS 0x000000070f800000, 0x000000070f800000| Untracked 
|  42|0x000000070fa00000, 0x000000070fa00000, 0x000000070fc00000|  0%| F|  |TAMS 0x000000070fa00000, 0x000000070fa00000| Untracked 
|  43|0x000000070fc00000, 0x000000070fc00000, 0x000000070fe00000|  0%| F|  |TAMS 0x000000070fc00000, 0x000000070fc00000| Untracked 
|  44|0x000000070fe00000, 0x000000070fe00000, 0x0000000710000000|  0%| F|  |TAMS 0x000000070fe00000, 0x000000070fe00000| Untracked 
|  45|0x0000000710000000, 0x0000000710000000, 0x0000000710200000|  0%| F|  |TAMS 0x0000000710000000, 0x0000000710000000| Untracked 
|  46|0x0000000710200000, 0x0000000710200000, 0x0000000710400000|  0%| F|  |TAMS 0x0000000710200000, 0x0000000710200000| Untracked 
|  47|0x0000000710400000, 0x0000000710400000, 0x0000000710600000|  0%| F|  |TAMS 0x0000000710400000, 0x0000000710400000| Untracked 
|  48|0x0000000710600000, 0x0000000710600000, 0x0000000710800000|  0%| F|  |TAMS 0x0000000710600000, 0x0000000710600000| Untracked 
|  49|0x0000000710800000, 0x0000000710800000, 0x0000000710a00000|  0%| F|  |TAMS 0x0000000710800000, 0x0000000710800000| Untracked 
|  50|0x0000000710a00000, 0x0000000710a00000, 0x0000000710c00000|  0%| F|  |TAMS 0x0000000710a00000, 0x0000000710a00000| Untracked 
|  51|0x0000000710c00000, 0x0000000710c00000, 0x0000000710e00000|  0%| F|  |TAMS 0x0000000710c00000, 0x0000000710c00000| Untracked 
|  52|0x0000000710e00000, 0x0000000710e00000, 0x0000000711000000|  0%| F|  |TAMS 0x0000000710e00000, 0x0000000710e00000| Untracked 
|  53|0x0000000711000000, 0x0000000711000000, 0x0000000711200000|  0%| F|  |TAMS 0x0000000711000000, 0x0000000711000000| Untracked 
|  54|0x0000000711200000, 0x0000000711200000, 0x0000000711400000|  0%| F|  |TAMS 0x0000000711200000, 0x0000000711200000| Untracked 
|  55|0x0000000711400000, 0x0000000711400000, 0x0000000711600000|  0%| F|  |TAMS 0x0000000711400000, 0x0000000711400000| Untracked 
|  56|0x0000000711600000, 0x0000000711600000, 0x0000000711800000|  0%| F|  |TAMS 0x0000000711600000, 0x0000000711600000| Untracked 
|  57|0x0000000711800000, 0x0000000711800000, 0x0000000711a00000|  0%| F|  |TAMS 0x0000000711800000, 0x0000000711800000| Untracked 
|  58|0x0000000711a00000, 0x0000000711a00000, 0x0000000711c00000|  0%| F|  |TAMS 0x0000000711a00000, 0x0000000711a00000| Untracked 
|  59|0x0000000711c00000, 0x0000000711c00000, 0x0000000711e00000|  0%| F|  |TAMS 0x0000000711c00000, 0x0000000711c00000| Untracked 
|  60|0x0000000711e00000, 0x0000000711e00000, 0x0000000712000000|  0%| F|  |TAMS 0x0000000711e00000, 0x0000000711e00000| Untracked 
|  61|0x0000000712000000, 0x0000000712000000, 0x0000000712200000|  0%| F|  |TAMS 0x0000000712000000, 0x0000000712000000| Untracked 
|  62|0x0000000712200000, 0x0000000712200000, 0x0000000712400000|  0%| F|  |TAMS 0x0000000712200000, 0x0000000712200000| Untracked 
|  63|0x0000000712400000, 0x0000000712400000, 0x0000000712600000|  0%| F|  |TAMS 0x0000000712400000, 0x0000000712400000| Untracked 
|  64|0x0000000712600000, 0x0000000712600000, 0x0000000712800000|  0%| F|  |TAMS 0x0000000712600000, 0x0000000712600000| Untracked 
|  65|0x0000000712800000, 0x0000000712800000, 0x0000000712a00000|  0%| F|  |TAMS 0x0000000712800000, 0x0000000712800000| Untracked 
|  66|0x0000000712a00000, 0x0000000712a00000, 0x0000000712c00000|  0%| F|  |TAMS 0x0000000712a00000, 0x0000000712a00000| Untracked 
|  67|0x0000000712c00000, 0x0000000712c00000, 0x0000000712e00000|  0%| F|  |TAMS 0x0000000712c00000, 0x0000000712c00000| Untracked 
|  68|0x0000000712e00000, 0x0000000712e00000, 0x0000000713000000|  0%| F|  |TAMS 0x0000000712e00000, 0x0000000712e00000| Untracked 
|  69|0x0000000713000000, 0x0000000713000000, 0x0000000713200000|  0%| F|  |TAMS 0x0000000713000000, 0x0000000713000000| Untracked 
|  70|0x0000000713200000, 0x0000000713200000, 0x0000000713400000|  0%| F|  |TAMS 0x0000000713200000, 0x0000000713200000| Untracked 
|  71|0x0000000713400000, 0x0000000713400000, 0x0000000713600000|  0%| F|  |TAMS 0x0000000713400000, 0x0000000713400000| Untracked 
|  72|0x0000000713600000, 0x0000000713600000, 0x0000000713800000|  0%| F|  |TAMS 0x0000000713600000, 0x0000000713600000| Untracked 
|  73|0x0000000713800000, 0x0000000713800000, 0x0000000713a00000|  0%| F|  |TAMS 0x0000000713800000, 0x0000000713800000| Untracked 
|  74|0x0000000713a00000, 0x0000000713a00000, 0x0000000713c00000|  0%| F|  |TAMS 0x0000000713a00000, 0x0000000713a00000| Untracked 
|  75|0x0000000713c00000, 0x0000000713c00000, 0x0000000713e00000|  0%| F|  |TAMS 0x0000000713c00000, 0x0000000713c00000| Untracked 
|  76|0x0000000713e00000, 0x0000000713e00000, 0x0000000714000000|  0%| F|  |TAMS 0x0000000713e00000, 0x0000000713e00000| Untracked 
|  77|0x0000000714000000, 0x0000000714000000, 0x0000000714200000|  0%| F|  |TAMS 0x0000000714000000, 0x0000000714000000| Untracked 
|  78|0x0000000714200000, 0x0000000714200000, 0x0000000714400000|  0%| F|  |TAMS 0x0000000714200000, 0x0000000714200000| Untracked 
|  79|0x0000000714400000, 0x0000000714400000, 0x0000000714600000|  0%| F|  |TAMS 0x0000000714400000, 0x0000000714400000| Untracked 
|  80|0x0000000714600000, 0x0000000714600000, 0x0000000714800000|  0%| F|  |TAMS 0x0000000714600000, 0x0000000714600000| Untracked 
|  81|0x0000000714800000, 0x0000000714800000, 0x0000000714a00000|  0%| F|  |TAMS 0x0000000714800000, 0x0000000714800000| Untracked 
|  82|0x0000000714a00000, 0x0000000714a00000, 0x0000000714c00000|  0%| F|  |TAMS 0x0000000714a00000, 0x0000000714a00000| Untracked 
|  83|0x0000000714c00000, 0x0000000714c00000, 0x0000000714e00000|  0%| F|  |TAMS 0x0000000714c00000, 0x0000000714c00000| Untracked 
|  84|0x0000000714e00000, 0x0000000714e00000, 0x0000000715000000|  0%| F|  |TAMS 0x0000000714e00000, 0x0000000714e00000| Untracked 
|  85|0x0000000715000000, 0x0000000715000000, 0x0000000715200000|  0%| F|  |TAMS 0x0000000715000000, 0x0000000715000000| Untracked 
|  86|0x0000000715200000, 0x0000000715200000, 0x0000000715400000|  0%| F|  |TAMS 0x0000000715200000, 0x0000000715200000| Untracked 
|  87|0x0000000715400000, 0x0000000715400000, 0x0000000715600000|  0%| F|  |TAMS 0x0000000715400000, 0x0000000715400000| Untracked 
|  88|0x0000000715600000, 0x0000000715600000, 0x0000000715800000|  0%| F|  |TAMS 0x0000000715600000, 0x0000000715600000| Untracked 
|  89|0x0000000715800000, 0x0000000715800000, 0x0000000715a00000|  0%| F|  |TAMS 0x0000000715800000, 0x0000000715800000| Untracked 
|  90|0x0000000715a00000, 0x0000000715a00000, 0x0000000715c00000|  0%| F|  |TAMS 0x0000000715a00000, 0x0000000715a00000| Untracked 
|  91|0x0000000715c00000, 0x0000000715c00000, 0x0000000715e00000|  0%| F|  |TAMS 0x0000000715c00000, 0x0000000715c00000| Untracked 
|  92|0x0000000715e00000, 0x0000000715e00000, 0x0000000716000000|  0%| F|  |TAMS 0x0000000715e00000, 0x0000000715e00000| Untracked 
|  93|0x0000000716000000, 0x0000000716000000, 0x0000000716200000|  0%| F|  |TAMS 0x0000000716000000, 0x0000000716000000| Untracked 
|  94|0x0000000716200000, 0x0000000716200000, 0x0000000716400000|  0%| F|  |TAMS 0x0000000716200000, 0x0000000716200000| Untracked 
|  95|0x0000000716400000, 0x0000000716400000, 0x0000000716600000|  0%| F|  |TAMS 0x0000000716400000, 0x0000000716400000| Untracked 
|  96|0x0000000716600000, 0x0000000716600000, 0x0000000716800000|  0%| F|  |TAMS 0x0000000716600000, 0x0000000716600000| Untracked 
|  97|0x0000000716800000, 0x0000000716800000, 0x0000000716a00000|  0%| F|  |TAMS 0x0000000716800000, 0x0000000716800000| Untracked 
|  98|0x0000000716a00000, 0x0000000716a00000, 0x0000000716c00000|  0%| F|  |TAMS 0x0000000716a00000, 0x0000000716a00000| Untracked 
|  99|0x0000000716c00000, 0x0000000716c00000, 0x0000000716e00000|  0%| F|  |TAMS 0x0000000716c00000, 0x0000000716c00000| Untracked 
| 100|0x0000000716e00000, 0x0000000716e00000, 0x0000000717000000|  0%| F|  |TAMS 0x0000000716e00000, 0x0000000716e00000| Untracked 
| 101|0x0000000717000000, 0x0000000717000000, 0x0000000717200000|  0%| F|  |TAMS 0x0000000717000000, 0x0000000717000000| Untracked 
| 102|0x0000000717200000, 0x0000000717200000, 0x0000000717400000|  0%| F|  |TAMS 0x0000000717200000, 0x0000000717200000| Untracked 
| 103|0x0000000717400000, 0x0000000717400000, 0x0000000717600000|  0%| F|  |TAMS 0x0000000717400000, 0x0000000717400000| Untracked 
| 104|0x0000000717600000, 0x0000000717600000, 0x0000000717800000|  0%| F|  |TAMS 0x0000000717600000, 0x0000000717600000| Untracked 
| 105|0x0000000717800000, 0x0000000717800000, 0x0000000717a00000|  0%| F|  |TAMS 0x0000000717800000, 0x0000000717800000| Untracked 
| 106|0x0000000717a00000, 0x0000000717a00000, 0x0000000717c00000|  0%| F|  |TAMS 0x0000000717a00000, 0x0000000717a00000| Untracked 
| 107|0x0000000717c00000, 0x0000000717c00000, 0x0000000717e00000|  0%| F|  |TAMS 0x0000000717c00000, 0x0000000717c00000| Untracked 
| 108|0x0000000717e00000, 0x0000000717e00000, 0x0000000718000000|  0%| F|  |TAMS 0x0000000717e00000, 0x0000000717e00000| Untracked 
| 109|0x0000000718000000, 0x0000000718000000, 0x0000000718200000|  0%| F|  |TAMS 0x0000000718000000, 0x0000000718000000| Untracked 
| 110|0x0000000718200000, 0x0000000718200000, 0x0000000718400000|  0%| F|  |TAMS 0x0000000718200000, 0x0000000718200000| Untracked 
| 111|0x0000000718400000, 0x0000000718400000, 0x0000000718600000|  0%| F|  |TAMS 0x0000000718400000, 0x0000000718400000| Untracked 
| 112|0x0000000718600000, 0x0000000718600000, 0x0000000718800000|  0%| F|  |TAMS 0x0000000718600000, 0x0000000718600000| Untracked 
| 113|0x0000000718800000, 0x0000000718800000, 0x0000000718a00000|  0%| F|  |TAMS 0x0000000718800000, 0x0000000718800000| Untracked 
| 114|0x0000000718a00000, 0x0000000718a00000, 0x0000000718c00000|  0%| F|  |TAMS 0x0000000718a00000, 0x0000000718a00000| Untracked 
| 115|0x0000000718c00000, 0x0000000718c00800, 0x0000000718e00000|  0%| E|  |TAMS 0x0000000718c00000, 0x0000000718c00000| Complete 
| 116|0x0000000718e00000, 0x0000000719000000, 0x0000000719000000|100%| E|CS|TAMS 0x0000000718e00000, 0x0000000718e00000| Complete 
| 117|0x0000000719000000, 0x0000000719200000, 0x0000000719200000|100%| E|CS|TAMS 0x0000000719000000, 0x0000000719000000| Complete 
| 118|0x0000000719200000, 0x0000000719400000, 0x0000000719400000|100%| E|CS|TAMS 0x0000000719200000, 0x0000000719200000| Complete 
| 119|0x0000000719400000, 0x0000000719600000, 0x0000000719600000|100%| E|CS|TAMS 0x0000000719400000, 0x0000000719400000| Complete 
| 120|0x0000000719600000, 0x0000000719800000, 0x0000000719800000|100%| E|  |TAMS 0x0000000719600000, 0x0000000719600000| Complete 
| 121|0x0000000719800000, 0x0000000719a00000, 0x0000000719a00000|100%| E|CS|TAMS 0x0000000719800000, 0x0000000719800000| Complete 
| 122|0x0000000719a00000, 0x0000000719c00000, 0x0000000719c00000|100%| E|CS|TAMS 0x0000000719a00000, 0x0000000719a00000| Complete 

Card table byte_map: [0x0000026fe71d0000,0x0000026fe7980000] _byte_map_base: 0x0000026fe397d000

Marking Bits (Prev, Next): (CMBitMap*) 0x0000026fdbeb1eb0, (CMBitMap*) 0x0000026fdbeb1ef0
 Prev Bits: [0x0000026fe8130000, 0x0000026febe98000)
 Next Bits: [0x0000026febea0000, 0x0000026fefc08000)

Polling page: 0x0000026fd9d90000

Metaspace:

Usage:
  Non-class:      3.40 MB used.
      Class:    472.51 KB used.
       Both:      3.86 MB used.

Virtual space:
  Non-class space:       64.00 MB reserved,       3.50 MB (  5%) committed,  1 nodes.
      Class space:        1.00 GB reserved,     512.00 KB ( <1%) committed,  1 nodes.
             Both:        1.06 GB reserved,       4.00 MB ( <1%) committed. 

Chunk freelists:
   Non-Class:  11.92 MB
       Class:  15.51 MB
        Both:  27.42 MB

MaxMetaspaceSize: unlimited
CompressedClassSpaceSize: 1.00 GB
Initial GC threshold: 21.00 MB
Current GC threshold: 21.00 MB
CDS: on
MetaspaceReclaimPolicy: balanced
 - commit_granule_bytes: 65536.
 - commit_granule_words: 8192.
 - virtual_space_node_default_size: 8388608.
 - enlarge_chunks_in_place: 1.
 - new_chunks_are_fully_committed: 0.
 - uncommit_free_chunks: 1.
 - use_allocation_guard: 0.
 - handle_deallocations: 1.


Internal statistics:

num_allocs_failed_limit: 0.
num_arena_births: 72.
num_arena_deaths: 0.
num_vsnodes_births: 2.
num_vsnodes_deaths: 0.
num_space_committed: 64.
num_space_uncommitted: 0.
num_chunks_returned_to_freelist: 0.
num_chunks_taken_from_freelist: 83.
num_chunk_merges: 0.
num_chunk_splits: 55.
num_chunks_enlarged: 29.
num_inconsistent_stats: 0.

CodeCache: size=49152Kb used=2785Kb max_used=2785Kb free=46366Kb
 bounds [0x0000026fe36f0000, 0x0000026fe3a20000, 0x0000026fe66f0000]
 total_blobs=1273 nmethods=836 adapters=364
 compilation: enabled
              stopped_count=0, restarted_count=0
 full_count=0

Compilation events (20 events):
Event: 7.681 Thread 0x0000026ff7362af0 nmethod 830 0x0000026fe3888690 code [0x0000026fe3888860, 0x0000026fe3888c08]
Event: 7.681 Thread 0x0000026ff29dd0b0 nmethod 824 0x0000026fe3887290 code [0x0000026fe3887520, 0x0000026fe3888048]
Event: 7.681 Thread 0x0000026ff29dd0b0  828       1       java.lang.invoke.VarHandle::getTypesAndInvokers (24 bytes)
Event: 7.681 Thread 0x0000026ff7362af0  822       1       java.lang.Integer::reverseBytes (28 bytes)
Event: 7.681 Thread 0x0000026ff7362af0 nmethod 822 0x0000026fe3886f90 code [0x0000026fe3887120, 0x0000026fe38871f8]
Event: 7.682 Thread 0x0000026ff7362af0  833       1       sun.security.provider.SHA::implCompress0 (506 bytes)
Event: 7.682 Thread 0x0000026ff29dd0b0 nmethod 828 0x0000026fe3886910 code [0x0000026fe3886ac0, 0x0000026fe3886e78]
Event: 7.682 Thread 0x0000026ff29dd0b0  826       1       java.lang.invoke.VarForm::getMemberNameOrNull (19 bytes)
Event: 7.682 Thread 0x0000026ff29dd0b0 nmethod 826 0x0000026fe3886590 code [0x0000026fe3886720, 0x0000026fe3886848]
Event: 7.682 Thread 0x0000026ff29dd0b0  820       1       jdk.internal.misc.Unsafe::getIntUnaligned (83 bytes)
Event: 7.682 Thread 0x0000026ff29dd0b0 nmethod 820 0x0000026fe3886110 code [0x0000026fe38862c0, 0x0000026fe38864c8]
Event: 7.682 Thread 0x0000026ff29dd0b0  821       1       jdk.internal.misc.Unsafe::convEndian (16 bytes)
Event: 7.682 Thread 0x0000026ff7362af0 nmethod 833 0x0000026fe3885610 code [0x0000026fe38857e0, 0x0000026fe3885d68]
Event: 7.682 Thread 0x0000026ff29dd0b0 nmethod 821 0x0000026fe3885310 code [0x0000026fe38854a0, 0x0000026fe3885578]
Event: 7.682 Thread 0x0000026ff29dd0b0  834       1       java.util.Arrays::copyOf (19 bytes)
Event: 7.682 Thread 0x0000026ff29dd0b0 nmethod 834 0x0000026fe3884e90 code [0x0000026fe3885020, 0x0000026fe3885208]
Event: 7.684 Thread 0x0000026ff29dd0b0  835 % !   1       sun.security.provider.SeedGenerator$ThreadedSeedGenerator::run @ 109 (263 bytes)
Event: 7.685 Thread 0x0000026ff29dd0b0 nmethod 835% 0x0000026fe3883b90 code [0x0000026fe3883dc0, 0x0000026fe3884718]
Event: 7.685 Thread 0x0000026ff29dd0b0  836   !   1       sun.security.provider.SeedGenerator$ThreadedSeedGenerator::run (263 bytes)
Event: 7.686 Thread 0x0000026ff29dd0b0 nmethod 836 0x0000026fe3882b10 code [0x0000026fe3882d20, 0x0000026fe3883518]

GC Heap History (0 events):
No events

Deoptimization events (0 events):
No events

Classes unloaded (0 events):
No events

Classes redefined (0 events):
No events

Internal exceptions (9 events):
Event: 0.455 Thread 0x0000026ff71d3f00 Exception <a 'java/lang/NoSuchMethodError'{0x00000007193a90b8}: 'java.lang.Object java.lang.invoke.DirectMethodHandle$Holder.invokeStaticInit(java.lang.Object)'> (0x00000007193a90b8) 
thrown [s\open\src\hotspot\share\interpreter\linkResolver.cpp, line 759]
Event: 0.464 Thread 0x0000026ff71d3f00 Exception <a 'java/lang/NoSuchMethodError'{0x00000007193b6cb0}: 'void java.lang.invoke.DirectMethodHandle$Holder.invokeStatic(java.lang.Object, java.lang.Object)'> (0x00000007193b6cb0) 
thrown [s\open\src\hotspot\share\interpreter\linkResolver.cpp, line 759]
Event: 0.495 Thread 0x0000026fdbe4a3f0 Exception <a 'java/lang/NoSuchMethodError'{0x000000071902f840}: 'int java.lang.invoke.DirectMethodHandle$Holder.invokeInterface(java.lang.Object, java.lang.Object)'> (0x000000071902f840) 
thrown [s\open\src\hotspot\share\interpreter\linkResolver.cpp, line 759]
Event: 0.495 Thread 0x0000026fdbe4a3f0 Exception <a 'java/lang/IncompatibleClassChangeError'{0x0000000719032e40}: Found class java.lang.Object, but interface was expected> (0x0000000719032e40) 
thrown [s\open\src\hotspot\share\interpreter\linkResolver.cpp, line 826]
Event: 2.582 Thread 0x0000026fdbe4a3f0 Exception <a 'java/lang/NoSuchMethodError'{0x000000071916f0b8}: 'int java.lang.invoke.DirectMethodHandle$Holder.invokeSpecial(java.lang.Object, java.lang.Object, java.lang.Object)'> (0x000000071916f0b8) 
thrown [s\open\src\hotspot\share\interpreter\linkResolver.cpp, line 759]
Event: 4.627 Thread 0x0000026fdbe4a3f0 Exception <a 'java/lang/NoSuchMethodError'{0x0000000718f17ba0}: 'void java.lang.invoke.DirectMethodHandle$Holder.invokeStatic(java.lang.Object, java.lang.Object, java.lang.Object)'> (0x0000000718f17ba0) 
thrown [s\open\src\hotspot\share\interpreter\linkResolver.cpp, line 759]
Event: 5.652 Thread 0x0000026fdbe4a3f0 Exception <a 'java/lang/NoSuchMethodError'{0x0000000718f54600}: 'int java.lang.invoke.DirectMethodHandle$Holder.invokeSpecialIFC(java.lang.Object, java.lang.Object, java.lang.Object)'> (0x0000000718f54600) 
thrown [s\open\src\hotspot\share\interpreter\linkResolver.cpp, line 759]
Event: 5.667 Thread 0x0000026fdbe4a3f0 Exception <a 'java/lang/NoSuchMethodError'{0x0000000718fcaef0}: 'java.lang.Object java.lang.invoke.DirectMethodHandle$Holder.invokeStaticInit(java.lang.Object, int, int, int, int)'> (0x0000000718fcaef0) 
thrown [s\open\src\hotspot\share\interpreter\linkResolver.cpp, line 759]
Event: 7.694 Thread 0x0000026fdbe4a3f0 Exception <a 'java/lang/Error'{0x0000000718fe3848}: IP Helper Library GetIpAddrTable function failed> (0x0000000718fe3848) 
thrown [s\open\src\hotspot\share\prims\jni.cpp, line 535]

VM Operations (20 events):
Event: 0.214 Executing VM operation: HandshakeAllThreads
Event: 0.214 Executing VM operation: HandshakeAllThreads done
Event: 0.453 Executing VM operation: HandshakeAllThreads
Event: 0.453 Executing VM operation: HandshakeAllThreads done
Event: 0.499 Executing VM operation: HandshakeAllThreads
Event: 0.499 Executing VM operation: HandshakeAllThreads done
Event: 0.501 Executing VM operation: HandshakeAllThreads
Event: 0.501 Executing VM operation: HandshakeAllThreads done
Event: 1.505 Executing VM operation: Cleanup
Event: 1.567 Executing VM operation: Cleanup done
Event: 3.588 Executing VM operation: Cleanup
Event: 3.588 Executing VM operation: Cleanup done
Event: 4.601 Executing VM operation: Cleanup
Event: 4.601 Executing VM operation: Cleanup done
Event: 5.602 Executing VM operation: Cleanup
Event: 5.649 Executing VM operation: Cleanup done
Event: 5.660 Executing VM operation: HandshakeAllThreads
Event: 5.660 Executing VM operation: HandshakeAllThreads done
Event: 6.659 Executing VM operation: Cleanup
Event: 6.659 Executing VM operation: Cleanup done

Events (20 events):
Event: 6.675 loading class java/lang/constant/MethodHandleDesc$1
Event: 6.675 loading class java/lang/constant/MethodHandleDesc$1 done
Event: 6.675 loading class java/lang/constant/DirectMethodHandleDescImpl
Event: 6.675 loading class java/lang/constant/DirectMethodHandleDesc
Event: 6.676 loading class java/lang/constant/DirectMethodHandleDesc done
Event: 6.676 loading class java/lang/constant/DirectMethodHandleDescImpl done
Event: 6.676 loading class java/lang/constant/DirectMethodHandleDescImpl$1
Event: 6.676 loading class java/lang/constant/DirectMethodHandleDescImpl$1 done
Event: 6.676 loading class java/lang/constant/DirectMethodHandleDesc$1
Event: 6.676 loading class java/lang/constant/DirectMethodHandleDesc$1 done
Event: 6.676 loading class java/lang/constant/PrimitiveClassDescImpl
Event: 6.676 loading class java/lang/constant/DynamicConstantDesc
Event: 6.676 loading class java/lang/constant/DynamicConstantDesc done
Event: 6.676 loading class java/lang/constant/PrimitiveClassDescImpl done
Event: 6.676 loading class java/lang/constant/DynamicConstantDesc$AnonymousDynamicConstantDesc
Event: 6.676 loading class java/lang/constant/DynamicConstantDesc$AnonymousDynamicConstantDesc done
Event: 6.677 Thread 0x0000026ff7362af0 Thread added: 0x0000026ff7362af0
Event: 7.680 loading class sun/security/provider/SeedGenerator$ThreadedSeedGenerator$BogusThread
Event: 7.680 loading class sun/security/provider/SeedGenerator$ThreadedSeedGenerator$BogusThread done
Event: 7.681 Thread 0x0000026ff7363010 Thread added: 0x0000026ff7363010


Dynamic libraries:
0x00007ff6863f0000 - 0x00007ff686400000 	C:\Program Files\Java\jdk-17\bin\java.exe
0x00007ff881720000 - 0x00007ff881987000 	C:\WINDOWS\SYSTEM32\ntdll.dll
0x00007ff8814d0000 - 0x00007ff881599000 	C:\WINDOWS\System32\KERNEL32.DLL
0x00007ff87e930000 - 0x00007ff87ed1f000 	C:\WINDOWS\System32\KERNELBASE.dll
0x00007ff87f2b0000 - 0x00007ff87f3fb000 	C:\WINDOWS\System32\ucrtbase.dll
0x00007ff8575d0000 - 0x00007ff8575e9000 	C:\Program Files\Java\jdk-17\bin\jli.dll
0x00007ff861600000 - 0x00007ff86161b000 	C:\Program Files\Java\jdk-17\bin\VCRUNTIME140.dll
0x00007ff8807d0000 - 0x00007ff880884000 	C:\WINDOWS\System32\ADVAPI32.dll
0x00007ff87fc00000 - 0x00007ff87fca9000 	C:\WINDOWS\System32\msvcrt.dll
0x00007ff881620000 - 0x00007ff8816c6000 	C:\WINDOWS\System32\sechost.dll
0x00007ff880410000 - 0x00007ff880528000 	C:\WINDOWS\System32\RPCRT4.dll
0x00007ff881300000 - 0x00007ff8814c5000 	C:\WINDOWS\System32\USER32.dll
0x00007ff87f490000 - 0x00007ff87f4b7000 	C:\WINDOWS\System32\win32u.dll
0x00007ff8636e0000 - 0x00007ff863973000 	C:\WINDOWS\WinSxS\amd64_microsoft.windows.common-controls_6595b64144ccf1df_6.0.26100.7309_none_3e05feeae336a044\COMCTL32.dll
0x00007ff8815f0000 - 0x00007ff88161b000 	C:\WINDOWS\System32\GDI32.dll
0x00007ff87ed30000 - 0x00007ff87ee5c000 	C:\WINDOWS\System32\gdi32full.dll
0x00007ff87f200000 - 0x00007ff87f2a3000 	C:\WINDOWS\System32\msvcp_win.dll
0x00007ff878820000 - 0x00007ff87882b000 	C:\WINDOWS\SYSTEM32\VERSION.dll
0x00007ff8812c0000 - 0x00007ff8812f1000 	C:\WINDOWS\System32\IMM32.DLL
0x00007ff860430000 - 0x00007ff86043c000 	C:\Program Files\Java\jdk-17\bin\vcruntime140_1.dll
0x00007ff84cf00000 - 0x00007ff84cf8e000 	C:\Program Files\Java\jdk-17\bin\msvcp140.dll
0x00007ff8161b0000 - 0x00007ff816d90000 	C:\Program Files\Java\jdk-17\bin\server\jvm.dll
0x00007ff880f20000 - 0x00007ff880f28000 	C:\WINDOWS\System32\PSAPI.DLL
0x00007ff877300000 - 0x00007ff877335000 	C:\WINDOWS\SYSTEM32\WINMM.dll
0x00007ff85e600000 - 0x00007ff85e60a000 	C:\WINDOWS\SYSTEM32\WSOCK32.dll
0x00007ff8805c0000 - 0x00007ff880634000 	C:\WINDOWS\System32\WS2_32.dll
0x00007ff87d620000 - 0x00007ff87d63b000 	C:\WINDOWS\SYSTEM32\kernel.appcore.dll
0x00007ff8574e0000 - 0x00007ff8574ea000 	C:\Program Files\Java\jdk-17\bin\jimage.dll
0x00007ff873840000 - 0x00007ff873a82000 	C:\WINDOWS\SYSTEM32\DBGHELP.DLL
0x00007ff880a10000 - 0x00007ff880d96000 	C:\WINDOWS\System32\combase.dll
0x00007ff880900000 - 0x00007ff8809d6000 	C:\WINDOWS\System32\OLEAUT32.dll
0x00007ff85e160000 - 0x00007ff85e19c000 	C:\WINDOWS\SYSTEM32\dbgcore.DLL
0x00007ff87efd0000 - 0x00007ff87f075000 	C:\WINDOWS\System32\bcryptPrimitives.dll
0x00007ff857250000 - 0x00007ff85725e000 	C:\Program Files\Java\jdk-17\bin\instrument.dll
0x00007ff856e20000 - 0x00007ff856e45000 	C:\Program Files\Java\jdk-17\bin\java.dll
0x00007ff82bb10000 - 0x00007ff82bbe7000 	C:\Program Files\Java\jdk-17\bin\jsvml.dll
0x00007ff87fcb0000 - 0x00007ff880403000 	C:\WINDOWS\System32\SHELL32.dll
0x00007ff87ee60000 - 0x00007ff87efca000 	C:\WINDOWS\System32\wintypes.dll
0x00007ff87c450000 - 0x00007ff87ccae000 	C:\WINDOWS\SYSTEM32\windows.storage.dll
0x00007ff8811c0000 - 0x00007ff8812b5000 	C:\WINDOWS\System32\SHCORE.dll
0x00007ff880890000 - 0x00007ff8808f6000 	C:\WINDOWS\System32\shlwapi.dll
0x00007ff87e790000 - 0x00007ff87e7b9000 	C:\WINDOWS\SYSTEM32\profapi.dll
0x00007ff856370000 - 0x00007ff856388000 	C:\Program Files\Java\jdk-17\bin\zip.dll
0x00007ff857450000 - 0x00007ff857469000 	C:\Program Files\Java\jdk-17\bin\net.dll
0x00007ff8770a0000 - 0x00007ff8771c8000 	C:\WINDOWS\SYSTEM32\WINHTTP.dll
0x00007ff87db90000 - 0x00007ff87dbfb000 	C:\WINDOWS\system32\mswsock.dll
0x00007ff856f80000 - 0x00007ff856f96000 	C:\Program Files\Java\jdk-17\bin\nio.dll
0x00007ff87d0c0000 - 0x00007ff87d1ec000 	C:\WINDOWS\SYSTEM32\DNSAPI.dll
0x00007ff87cfd0000 - 0x00007ff87d004000 	C:\WINDOWS\SYSTEM32\IPHLPAPI.DLL
0x00007ff880f30000 - 0x00007ff880f3a000 	C:\WINDOWS\System32\NSI.dll
0x00007ff872800000 - 0x00007ff87280b000 	C:\Windows\System32\rasadhlp.dll
0x00007ff874750000 - 0x00007ff8747d6000 	C:\WINDOWS\System32\fwpuclnt.dll
0x00007ff856e10000 - 0x00007ff856e1a000 	C:\Program Files\Java\jdk-17\bin\management.dll
0x00007ff856d10000 - 0x00007ff856d1b000 	C:\Program Files\Java\jdk-17\bin\management_ext.dll
0x00007ff87de50000 - 0x00007ff87de6b000 	C:\WINDOWS\SYSTEM32\CRYPTSP.dll
0x00007ff87d560000 - 0x00007ff87d59a000 	C:\WINDOWS\system32\rsaenh.dll
0x00007ff87dc40000 - 0x00007ff87dc6b000 	C:\WINDOWS\SYSTEM32\USERENV.dll
0x00007ff87e760000 - 0x00007ff87e78a000 	C:\WINDOWS\SYSTEM32\bcrypt.dll

dbghelp: loaded successfully - version: 4.0.5 - missing functions: none
symbol engine: initialized successfully - sym options: 0x614 - pdb path: .;C:\Program Files\Java\jdk-17\bin;C:\WINDOWS\SYSTEM32;C:\WINDOWS\WinSxS\amd64_microsoft.windows.common-controls_6595b64144ccf1df_6.0.26100.7309_none_3e05feeae336a044;C:\Program Files\Java\jdk-17\bin\server

VM Arguments:
jvm_args: -XX:TieredStopAtLevel=1 -Dspring.output.ansi.enabled=always -Dcom.sun.management.jmxremote -Dspring.jmx.enabled=true -Dspring.liveBeansView.mbeanDomain -Dspring.application.admin.enabled=true -Dmanagement.endpoints.jmx.exposure.include=* -javaagent:D:\IntelliJ IDEA 2024.2.3\lib\idea_rt.jar=56264 -Dfile.encoding=UTF-8 
java_command: com.msquare.java_app.JavaAppApplication
java_class_path (initial): D:\Google Cloud\docker_kubernetes_java\java-app\target\classes;C:\Users\Ankit\.m2\repository\org\springframework\boot\spring-boot-starter-data-jpa\3.5.10\spring-boot-starter-data-jpa-3.5.10.jar;C:\Users\Ankit\.m2\repository\org\springframework\boot\spring-boot-starter\3.5.10\spring-boot-starter-3.5.10.jar;C:\Users\Ankit\.m2\repository\org\springframework\boot\spring-boot\3.5.10\spring-boot-3.5.10.jar;C:\Users\Ankit\.m2\repository\org\springframework\boot\spring-boot-autoconfigure\3.5.10\spring-boot-autoconfigure-3.5.10.jar;C:\Users\Ankit\.m2\repository\org\springframework\boot\spring-boot-starter-logging\3.5.10\spring-boot-starter-logging-3.5.10.jar;C:\Users\Ankit\.m2\repository\ch\qos\logback\logback-classic\1.5.25\logback-classic-1.5.25.jar;C:\Users\Ankit\.m2\repository\ch\qos\logback\logback-core\1.5.25\logback-core-1.5.25.jar;C:\Users\Ankit\.m2\repository\org\apache\logging\log4j\log4j-to-slf4j\2.24.3\log4j-to-slf4j-2.24.3.jar;C:\Users\Ankit\.m2\repository\org\apache\logging\log4j\log4j-api\2.24.3\log4j-api-2.24.3.jar;C:\Users\Ankit\.m2\repository\org\slf4j\jul-to-slf4j\2.0.17\jul-to-slf4j-2.0.17.jar;C:\Users\Ankit\.m2\repository\jakarta\annotation\jakarta.annotation-api\2.1.1\jakarta.annotation-api-2.1.1.jar;C:\Users\Ankit\.m2\repository\org\yaml\snakeyaml\2.4\snakeyaml-2.4.jar;C:\Users\Ankit\.m2\repository\org\springframework\boot\spring-boot-starter-jdbc\3.5.10\spring-boot-starter-jdbc-3.5.10.jar;C:\Users\Ankit\.m2\repository\com\zaxxer\HikariCP\6.3.3\HikariCP-6.3.3.jar;C:\Users\Ankit\.m2\repository\org\springframework\spring-jdbc\6.2.15\spring-jdbc-6.2.15.jar;C:\Users\Ankit\.m2\repository\org\hibernate\orm\hibernate-core\6.6.41.Final\hibernate-core-6.6.41.Final.jar;C:\Users\Ankit\.m2\repository\jakarta\persistence\jakarta.persistence-api\3.1.0\jakarta.persistence-api-3.1.0.jar;C:\Users\Ankit\.m2\repository\jakarta\transaction\jakarta.transaction-api\2.0.1\jakarta.transaction-api-2.0.1.jar;C:\Users\Ankit\.m2\repository\org\jboss\l
Launcher Type: SUN_STANDARD

[Global flags]
     intx CICompilerCount                          = 4                                         {product} {ergonomic}
     uint ConcGCThreads                            = 3                                         {product} {ergonomic}
     uint G1ConcRefinementThreads                  = 10                                        {product} {ergonomic}
   size_t G1HeapRegionSize                         = 2097152                                   {product} {ergonomic}
    uintx GCDrainStackTargetSize                   = 64                                        {product} {ergonomic}
   size_t InitialHeapSize                          = 257949696                                 {product} {ergonomic}
     bool ManagementServer                         = true                                      {product} {command line}
   size_t MarkStackSize                            = 4194304                                   {product} {ergonomic}
   size_t MaxHeapSize                              = 4120903680                                {product} {ergonomic}
   size_t MaxNewSize                               = 2472542208                                {product} {ergonomic}
   size_t MinHeapDeltaBytes                        = 2097152                                   {product} {ergonomic}
   size_t MinHeapSize                              = 8388608                                   {product} {ergonomic}
    uintx NonProfiledCodeHeapSize                  = 0                                      {pd product} {ergonomic}
     bool ProfileInterpreter                       = false                                  {pd product} {command line}
    uintx ProfiledCodeHeapSize                     = 0                                      {pd product} {ergonomic}
   size_t SoftMaxHeapSize                          = 4120903680                             {manageable} {ergonomic}
     intx TieredStopAtLevel                        = 1                                         {product} {command line}
     bool UseCompressedClassPointers               = true                           {product lp64_product} {ergonomic}
     bool UseCompressedOops                        = true                           {product lp64_product} {ergonomic}
     bool UseG1GC                                  = true                                      {product} {ergonomic}
     bool UseLargePagesIndividualAllocation        = false                                  {pd product} {ergonomic}

Logging:
Log output configuration:
 #0: stdout all=warning uptime,level,tags
 #1: stderr all=off uptime,level,tags

Environment Variables:
JAVA_HOME=C:\Program Files\Android\Android Studio\jbr
PATH=c:\Users\Ankit\AppData\Local\Programs\cursor\resources\app\bin;D:\FlutterSDK\flutter\bin;C:\Program Files\Common Files\Oracle\Java\javapath;C:\WINDOWS\system32;C:\WINDOWS;C:\WINDOWS\System32\Wbem;C:\WINDOWS\System32\WindowsPowerShell\v1.0\;C:\WINDOWS\System32\OpenSSH\;C:\Program Files\Git\cmd;C:\msys64\mingw64\bin;C:\Program Files\HP\HP One Agent;C:\Program Files (x86)\NVIDIA Corporation\PhysX\Common;C:\Program Files\NVIDIA Corporation\NVIDIA NvDLISR;C:\Users\Ankit\AppData\Roaming\npm;C:\Users\Ankit\.gradle\wrapper\dists\gradle-8.8-all\6gdy1pgp427xkqcjbxw3ylt6h\gradle-8.8\bin;C:\Users\Ankit\AppData\Local\Programs\Python\Python39;C:\Users\Ankit\AppData\Local\Programs\Python\Python39\Scripts;C:\Program Files\Docker\Docker\resources\bin;C:\Users\Ankit\AppData\Roaming\npm\pnpm;C:\ffmpeg\ffmpeg-master-latest-win64-gpl-shared\bin;C:\Users\Ankit\AppData\Local\Programs\Python\Python39\Scripts\;C:\Users\Ankit\AppData\Local\Programs\Python\P;D:\E Drive DATA\E Drive DATA\ffmpeg-full-build\bin;C:\WINDOWS\system32;C:\WINDOWS;C:\WINDOWS\System32\Wbem;C:\WINDOWS\System32\WindowsPowerShell\v1.0\;C:\WINDOWS\System32\OpenSSH\;C:\Program Files\Maven\apache-maven-3.9.11\bin;C:\Program Files\nodejs\;C:\ProgramData\chocolatey\bin;C:\Program Files\Go\bin;C:\Users\Ankit\scoop\shims;C:\Users\Ankit\AppData\Local\Programs\Python\Python311\Scripts\;C:\Users\Ankit\AppData\Local\Programs\Python\Python311\;D:\FlutterSDK\flutter\bin;C:\Users\Ankit\AppData\Local\Microsoft\WindowsApps;C:\Users\Ankit\AppData\Local\nvim;D:\IntelliJ IDEA 2024.2.3\bin;C:\Users\Ankit\AppData\Roaming\npm\pnpm;C:\Program Files\JetBrains\WebStorm 2024.2.4\bin;C:\Program Files\Android\Android Studio\jbr\bin;C:\ffmpeg\ffmpeg-master-latest-win64-gpl-shared\bin;C:\Users\Ankit\AppData\Local\Pub\Cache\bin;C:\Users\Ankit\AppData\Local\Android\Sdk\emulator;C:\Users\Ankit\AppData\Local\Android\Sdk\platform-tools;C:\Users\Ankit\go\bin;E:\New folder\GoLand 2025.1.1\bin;C:\Users\Ankit\Downloads\airc\aircrack-ng-1.7-win\bin;C:\Users\A
USERNAME=Ankit
OS=Windows_NT
PROCESSOR_IDENTIFIER=AMD64 Family 25 Model 80 Stepping 0, AuthenticAMD



---------------  S Y S T E M  ---------------

OS:
 Windows 11 , 64 bit Build 26100 (10.0.26100.7623)
OS uptime: 5 days 6:39 hours
Hyper-V role detected

CPU: total 12 (initial active 12) (12 cores per cpu, 2 threads per core) family 25 model 80 stepping 0 microcode 0xa50000d, cx8, cmov, fxsr, ht, mmx, 3dnowpref, sse, sse2, sse3, ssse3, sse4a, sse4.1, sse4.2, popcnt, lzcnt, tsc, tscinvbit, avx, avx2, aes, erms, clmul, bmi1, bmi2, adx, sha, fma, vzeroupper, clflush, clflushopt, hv

Memory: 4k page, system-wide physical 15713M (787M free)
TotalPageFile size 50157M (AvailPageFile size 0M)
current process WorkingSet (physical memory assigned to process): 64M, peak: 64M
current process commit charge ("private bytes"): 343M, peak: 343M

vm_info: Java HotSpot(TM) 64-Bit Server VM (17.0.12+8-LTS-286) for windows-amd64 JRE (17.0.12+8-LTS-286), built on Jun  5 2024 06:46:59 by "mach5one" with MS VC++ 17.6 (VS2022)

END.
